<?xml version="1.0" encoding="UTF-8"?>
<testsuite name="MethodOrderTest" tests="7" skipped="0" failures="0" errors="0" timestamp="2021-02-18T04:44:49" hostname="HYUNBC" time="0.014">
  <properties/>
  <testcase name="test0()" classname="MethodOrderTest" time="0.002"/>
  <testcase name="test1()" classname="MethodOrderTest" time="0.0"/>
  <testcase name="test2()" classname="MethodOrderTest" time="0.001"/>
  <testcase name="test2_2()" classname="MethodOrderTest" time="0.001"/>
  <testcase name="test3()" classname="MethodOrderTest" time="0.003"/>
  <testcase name="test4()" classname="MethodOrderTest" time="0.0"/>
  <testcase name="test5()" classname="MethodOrderTest" time="0.0"/>
  <system-out><![CDATA[]]></system-out>
  <system-err><![CDATA[]]></system-err>
</testsuite>
